{"/Users/danillorios/Documents/projects/drone-delivery/src/domain/entity/drone.ts": {"path":"/Users/danillorios/Documents/projects/drone-delivery/src/domain/entity/drone.ts","all":false,"statementMap":{"0":{"start":{"line":1,"column":0},"end":{"line":1,"column":38}},"1":{"start":{"line":2,"column":0},"end":{"line":2,"column":30}},"2":{"start":{"line":3,"column":0},"end":{"line":3,"column":0}},"3":{"start":{"line":4,"column":0},"end":{"line":4,"column":20}},"4":{"start":{"line":5,"column":0},"end":{"line":5,"column":24}},"5":{"start":{"line":6,"column":0},"end":{"line":6,"column":29}},"6":{"start":{"line":7,"column":0},"end":{"line":7,"column":25}},"7":{"start":{"line":8,"column":0},"end":{"line":8,"column":0}},"8":{"start":{"line":9,"column":0},"end":{"line":9,"column":45}},"9":{"start":{"line":10,"column":0},"end":{"line":10,"column":28}},"10":{"start":{"line":11,"column":0},"end":{"line":11,"column":38}},"11":{"start":{"line":12,"column":0},"end":{"line":12,"column":21}},"12":{"start":{"line":13,"column":0},"end":{"line":13,"column":3}},"13":{"start":{"line":14,"column":0},"end":{"line":14,"column":0}},"14":{"start":{"line":15,"column":0},"end":{"line":15,"column":22}},"15":{"start":{"line":16,"column":0},"end":{"line":16,"column":22}},"16":{"start":{"line":17,"column":0},"end":{"line":17,"column":3}},"17":{"start":{"line":18,"column":0},"end":{"line":18,"column":0}},"18":{"start":{"line":19,"column":0},"end":{"line":19,"column":27}},"19":{"start":{"line":20,"column":0},"end":{"line":20,"column":27}},"20":{"start":{"line":21,"column":0},"end":{"line":21,"column":3}},"21":{"start":{"line":22,"column":0},"end":{"line":22,"column":0}},"22":{"start":{"line":23,"column":0},"end":{"line":23,"column":23}},"23":{"start":{"line":24,"column":0},"end":{"line":24,"column":23}},"24":{"start":{"line":25,"column":0},"end":{"line":25,"column":3}},"25":{"start":{"line":26,"column":0},"end":{"line":26,"column":0}},"26":{"start":{"line":27,"column":0},"end":{"line":27,"column":19}},"27":{"start":{"line":28,"column":0},"end":{"line":28,"column":12}},"28":{"start":{"line":29,"column":0},"end":{"line":29,"column":22}},"29":{"start":{"line":30,"column":0},"end":{"line":30,"column":87}},"30":{"start":{"line":31,"column":0},"end":{"line":31,"column":32}},"31":{"start":{"line":32,"column":0},"end":{"line":32,"column":6}},"32":{"start":{"line":33,"column":0},"end":{"line":33,"column":3}},"33":{"start":{"line":34,"column":0},"end":{"line":34,"column":0}},"34":{"start":{"line":35,"column":0},"end":{"line":35,"column":48}},"35":{"start":{"line":36,"column":0},"end":{"line":36,"column":91}},"36":{"start":{"line":37,"column":0},"end":{"line":37,"column":38}},"37":{"start":{"line":38,"column":0},"end":{"line":38,"column":42}},"38":{"start":{"line":39,"column":0},"end":{"line":39,"column":5}},"39":{"start":{"line":40,"column":0},"end":{"line":40,"column":0}},"40":{"start":{"line":41,"column":0},"end":{"line":41,"column":28}},"41":{"start":{"line":42,"column":0},"end":{"line":42,"column":3}},"42":{"start":{"line":43,"column":0},"end":{"line":43,"column":0}},"43":{"start":{"line":44,"column":0},"end":{"line":44,"column":48}},"44":{"start":{"line":45,"column":0},"end":{"line":45,"column":49}},"45":{"start":{"line":46,"column":0},"end":{"line":46,"column":3}},"46":{"start":{"line":47,"column":0},"end":{"line":47,"column":0}},"47":{"start":{"line":48,"column":0},"end":{"line":48,"column":51}},"48":{"start":{"line":49,"column":0},"end":{"line":49,"column":35}},"49":{"start":{"line":50,"column":0},"end":{"line":50,"column":25}},"50":{"start":{"line":51,"column":0},"end":{"line":51,"column":17}},"51":{"start":{"line":52,"column":0},"end":{"line":52,"column":3}},"52":{"start":{"line":53,"column":0},"end":{"line":53,"column":0}},"53":{"start":{"line":54,"column":0},"end":{"line":54,"column":47}},"54":{"start":{"line":55,"column":0},"end":{"line":55,"column":22}},"55":{"start":{"line":56,"column":0},"end":{"line":56,"column":42}},"56":{"start":{"line":57,"column":0},"end":{"line":57,"column":5}},"57":{"start":{"line":58,"column":0},"end":{"line":58,"column":27}},"58":{"start":{"line":59,"column":0},"end":{"line":59,"column":47}},"59":{"start":{"line":60,"column":0},"end":{"line":60,"column":5}},"60":{"start":{"line":61,"column":0},"end":{"line":61,"column":3}},"61":{"start":{"line":62,"column":0},"end":{"line":62,"column":1}},"62":{"start":{"line":63,"column":0},"end":{"line":63,"column":0}},"63":{"start":{"line":64,"column":0},"end":{"line":64,"column":34}},"64":{"start":{"line":65,"column":0},"end":{"line":65,"column":15}},"65":{"start":{"line":66,"column":0},"end":{"line":66,"column":20}},"66":{"start":{"line":67,"column":0},"end":{"line":67,"column":1}},"67":{"start":{"line":68,"column":0},"end":{"line":68,"column":0}},"68":{"start":{"line":69,"column":0},"end":{"line":69,"column":37}},"69":{"start":{"line":70,"column":0},"end":{"line":70,"column":15}},"70":{"start":{"line":71,"column":0},"end":{"line":71,"column":20}},"71":{"start":{"line":72,"column":0},"end":{"line":72,"column":1}}},"s":{"0":1,"1":1,"2":1,"3":1,"4":1,"5":1,"6":1,"7":1,"8":1,"9":3,"10":3,"11":3,"12":3,"13":1,"14":1,"15":9,"16":9,"17":1,"18":1,"19":12,"20":12,"21":1,"22":1,"23":6,"24":6,"25":1,"26":1,"27":6,"28":6,"29":6,"30":6,"31":6,"32":6,"33":1,"34":1,"35":6,"36":6,"37":0,"38":0,"39":6,"40":6,"41":6,"42":1,"43":1,"44":6,"45":6,"46":1,"47":1,"48":3,"49":3,"50":3,"51":3,"52":1,"53":1,"54":3,"55":0,"56":0,"57":3,"58":0,"59":0,"60":3,"61":1,"62":1,"63":1,"64":1,"65":1,"66":1,"67":1,"68":1,"69":1,"70":1,"71":1},"branchMap":{"0":{"type":"branch","line":9,"loc":{"start":{"line":9,"column":2},"end":{"line":13,"column":3}},"locations":[{"start":{"line":9,"column":2},"end":{"line":13,"column":3}}]},"1":{"type":"branch","line":15,"loc":{"start":{"line":15,"column":2},"end":{"line":17,"column":3}},"locations":[{"start":{"line":15,"column":2},"end":{"line":17,"column":3}}]},"2":{"type":"branch","line":19,"loc":{"start":{"line":19,"column":2},"end":{"line":21,"column":3}},"locations":[{"start":{"line":19,"column":2},"end":{"line":21,"column":3}}]},"3":{"type":"branch","line":23,"loc":{"start":{"line":23,"column":2},"end":{"line":25,"column":3}},"locations":[{"start":{"line":23,"column":2},"end":{"line":25,"column":3}}]},"4":{"type":"branch","line":27,"loc":{"start":{"line":27,"column":9},"end":{"line":33,"column":3}},"locations":[{"start":{"line":27,"column":9},"end":{"line":33,"column":3}}]},"5":{"type":"branch","line":30,"loc":{"start":{"line":30,"column":28},"end":{"line":30,"column":85}},"locations":[{"start":{"line":30,"column":28},"end":{"line":30,"column":85}}]},"6":{"type":"branch","line":30,"loc":{"start":{"line":30,"column":57},"end":{"line":30,"column":84}},"locations":[{"start":{"line":30,"column":57},"end":{"line":30,"column":84}}]},"7":{"type":"branch","line":35,"loc":{"start":{"line":35,"column":9},"end":{"line":42,"column":3}},"locations":[{"start":{"line":35,"column":9},"end":{"line":42,"column":3}}]},"8":{"type":"branch","line":37,"loc":{"start":{"line":37,"column":37},"end":{"line":39,"column":5}},"locations":[{"start":{"line":37,"column":37},"end":{"line":39,"column":5}}]},"9":{"type":"branch","line":36,"loc":{"start":{"line":36,"column":39},"end":{"line":36,"column":86}},"locations":[{"start":{"line":36,"column":39},"end":{"line":36,"column":86}}]},"10":{"type":"branch","line":44,"loc":{"start":{"line":44,"column":10},"end":{"line":46,"column":3}},"locations":[{"start":{"line":44,"column":10},"end":{"line":46,"column":3}}]},"11":{"type":"branch","line":48,"loc":{"start":{"line":48,"column":9},"end":{"line":52,"column":3}},"locations":[{"start":{"line":48,"column":9},"end":{"line":52,"column":3}}]},"12":{"type":"branch","line":54,"loc":{"start":{"line":54,"column":17},"end":{"line":61,"column":3}},"locations":[{"start":{"line":54,"column":17},"end":{"line":61,"column":3}}]},"13":{"type":"branch","line":55,"loc":{"start":{"line":55,"column":21},"end":{"line":57,"column":5}},"locations":[{"start":{"line":55,"column":21},"end":{"line":57,"column":5}}]},"14":{"type":"branch","line":58,"loc":{"start":{"line":58,"column":26},"end":{"line":60,"column":5}},"locations":[{"start":{"line":58,"column":26},"end":{"line":60,"column":5}}]}},"b":{"0":[3],"1":[9],"2":[12],"3":[6],"4":[6],"5":[12],"6":[32],"7":[6],"8":[0],"9":[16],"10":[6],"11":[3],"12":[3],"13":[0],"14":[0]},"fnMap":{"0":{"name":"Drone","decl":{"start":{"line":9,"column":2},"end":{"line":13,"column":3}},"loc":{"start":{"line":9,"column":2},"end":{"line":13,"column":3}},"line":9},"1":{"name":"get name","decl":{"start":{"line":15,"column":2},"end":{"line":17,"column":3}},"loc":{"start":{"line":15,"column":2},"end":{"line":17,"column":3}},"line":15},"2":{"name":"get maxWeight","decl":{"start":{"line":19,"column":2},"end":{"line":21,"column":3}},"loc":{"start":{"line":19,"column":2},"end":{"line":21,"column":3}},"line":19},"3":{"name":"get trips","decl":{"start":{"line":23,"column":2},"end":{"line":25,"column":3}},"loc":{"start":{"line":23,"column":2},"end":{"line":25,"column":3}},"line":23},"4":{"name":"toJSON","decl":{"start":{"line":27,"column":9},"end":{"line":33,"column":3}},"loc":{"start":{"line":27,"column":9},"end":{"line":33,"column":3}},"line":27},"5":{"name":"delivery","decl":{"start":{"line":35,"column":9},"end":{"line":42,"column":3}},"loc":{"start":{"line":35,"column":9},"end":{"line":42,"column":3}},"line":35},"6":{"name":"addTrip","decl":{"start":{"line":44,"column":10},"end":{"line":46,"column":3}},"loc":{"start":{"line":44,"column":10},"end":{"line":46,"column":3}},"line":44},"7":{"name":"create","decl":{"start":{"line":48,"column":9},"end":{"line":52,"column":3}},"loc":{"start":{"line":48,"column":9},"end":{"line":52,"column":3}},"line":48},"8":{"name":"validate","decl":{"start":{"line":54,"column":17},"end":{"line":61,"column":3}},"loc":{"start":{"line":54,"column":17},"end":{"line":61,"column":3}},"line":54}},"f":{"0":3,"1":9,"2":12,"3":6,"4":6,"5":6,"6":6,"7":3,"8":3}}
,"/Users/danillorios/Documents/projects/drone-delivery/src/domain/entity/location.ts": {"path":"/Users/danillorios/Documents/projects/drone-delivery/src/domain/entity/location.ts","all":false,"statementMap":{"0":{"start":{"line":1,"column":0},"end":{"line":1,"column":23}},"1":{"start":{"line":2,"column":0},"end":{"line":2,"column":24}},"2":{"start":{"line":3,"column":0},"end":{"line":3,"column":33}},"3":{"start":{"line":4,"column":0},"end":{"line":4,"column":0}},"4":{"start":{"line":5,"column":0},"end":{"line":5,"column":48}},"5":{"start":{"line":6,"column":0},"end":{"line":6,"column":28}},"6":{"start":{"line":7,"column":0},"end":{"line":7,"column":42}},"7":{"start":{"line":8,"column":0},"end":{"line":8,"column":3}},"8":{"start":{"line":9,"column":0},"end":{"line":9,"column":0}},"9":{"start":{"line":10,"column":0},"end":{"line":10,"column":22}},"10":{"start":{"line":11,"column":0},"end":{"line":11,"column":22}},"11":{"start":{"line":12,"column":0},"end":{"line":12,"column":3}},"12":{"start":{"line":13,"column":0},"end":{"line":13,"column":0}},"13":{"start":{"line":14,"column":0},"end":{"line":14,"column":31}},"14":{"start":{"line":15,"column":0},"end":{"line":15,"column":31}},"15":{"start":{"line":16,"column":0},"end":{"line":16,"column":3}},"16":{"start":{"line":17,"column":0},"end":{"line":17,"column":0}},"17":{"start":{"line":18,"column":0},"end":{"line":18,"column":57}},"18":{"start":{"line":19,"column":0},"end":{"line":19,"column":38}},"19":{"start":{"line":20,"column":0},"end":{"line":20,"column":25}},"20":{"start":{"line":21,"column":0},"end":{"line":21,"column":17}},"21":{"start":{"line":22,"column":0},"end":{"line":22,"column":3}},"22":{"start":{"line":23,"column":0},"end":{"line":23,"column":0}},"23":{"start":{"line":24,"column":0},"end":{"line":24,"column":50}},"24":{"start":{"line":25,"column":0},"end":{"line":25,"column":22}},"25":{"start":{"line":26,"column":0},"end":{"line":26,"column":46}},"26":{"start":{"line":27,"column":0},"end":{"line":27,"column":5}},"27":{"start":{"line":28,"column":0},"end":{"line":28,"column":31}},"28":{"start":{"line":29,"column":0},"end":{"line":29,"column":51}},"29":{"start":{"line":30,"column":0},"end":{"line":30,"column":5}},"30":{"start":{"line":31,"column":0},"end":{"line":31,"column":3}},"31":{"start":{"line":32,"column":0},"end":{"line":32,"column":1}},"32":{"start":{"line":33,"column":0},"end":{"line":33,"column":0}},"33":{"start":{"line":34,"column":0},"end":{"line":34,"column":30}},"34":{"start":{"line":35,"column":0},"end":{"line":35,"column":15}},"35":{"start":{"line":36,"column":0},"end":{"line":36,"column":20}},"36":{"start":{"line":37,"column":0},"end":{"line":37,"column":1}},"37":{"start":{"line":38,"column":0},"end":{"line":38,"column":0}},"38":{"start":{"line":39,"column":0},"end":{"line":39,"column":33}},"39":{"start":{"line":40,"column":0},"end":{"line":40,"column":23}},"40":{"start":{"line":41,"column":0},"end":{"line":41,"column":15}},"41":{"start":{"line":42,"column":0},"end":{"line":42,"column":20}},"42":{"start":{"line":43,"column":0},"end":{"line":43,"column":1}}},"s":{"0":1,"1":1,"2":1,"3":1,"4":1,"5":16,"6":16,"7":16,"8":1,"9":1,"10":48,"11":48,"12":1,"13":1,"14":227,"15":227,"16":1,"17":1,"18":16,"19":16,"20":16,"21":16,"22":1,"23":1,"24":16,"25":0,"26":0,"27":16,"28":0,"29":0,"30":16,"31":1,"32":1,"33":1,"34":1,"35":1,"36":1,"37":1,"38":1,"39":1,"40":1,"41":1,"42":1},"branchMap":{"0":{"type":"branch","line":5,"loc":{"start":{"line":5,"column":2},"end":{"line":8,"column":3}},"locations":[{"start":{"line":5,"column":2},"end":{"line":8,"column":3}}]},"1":{"type":"branch","line":10,"loc":{"start":{"line":10,"column":2},"end":{"line":12,"column":3}},"locations":[{"start":{"line":10,"column":2},"end":{"line":12,"column":3}}]},"2":{"type":"branch","line":14,"loc":{"start":{"line":14,"column":2},"end":{"line":16,"column":3}},"locations":[{"start":{"line":14,"column":2},"end":{"line":16,"column":3}}]},"3":{"type":"branch","line":18,"loc":{"start":{"line":18,"column":9},"end":{"line":22,"column":3}},"locations":[{"start":{"line":18,"column":9},"end":{"line":22,"column":3}}]},"4":{"type":"branch","line":24,"loc":{"start":{"line":24,"column":17},"end":{"line":31,"column":3}},"locations":[{"start":{"line":24,"column":17},"end":{"line":31,"column":3}}]},"5":{"type":"branch","line":25,"loc":{"start":{"line":25,"column":21},"end":{"line":27,"column":5}},"locations":[{"start":{"line":25,"column":21},"end":{"line":27,"column":5}}]},"6":{"type":"branch","line":28,"loc":{"start":{"line":28,"column":30},"end":{"line":30,"column":5}},"locations":[{"start":{"line":28,"column":30},"end":{"line":30,"column":5}}]}},"b":{"0":[16],"1":[48],"2":[227],"3":[16],"4":[16],"5":[0],"6":[0]},"fnMap":{"0":{"name":"Location","decl":{"start":{"line":5,"column":2},"end":{"line":8,"column":3}},"loc":{"start":{"line":5,"column":2},"end":{"line":8,"column":3}},"line":5},"1":{"name":"get name","decl":{"start":{"line":10,"column":2},"end":{"line":12,"column":3}},"loc":{"start":{"line":10,"column":2},"end":{"line":12,"column":3}},"line":10},"2":{"name":"get packageWeigth","decl":{"start":{"line":14,"column":2},"end":{"line":16,"column":3}},"loc":{"start":{"line":14,"column":2},"end":{"line":16,"column":3}},"line":14},"3":{"name":"create","decl":{"start":{"line":18,"column":9},"end":{"line":22,"column":3}},"loc":{"start":{"line":18,"column":9},"end":{"line":22,"column":3}},"line":18},"4":{"name":"validate","decl":{"start":{"line":24,"column":17},"end":{"line":31,"column":3}},"loc":{"start":{"line":24,"column":17},"end":{"line":31,"column":3}},"line":24}},"f":{"0":16,"1":48,"2":227,"3":16,"4":16}}
,"/Users/danillorios/Documents/projects/drone-delivery/src/domain/entity/trip.ts": {"path":"/Users/danillorios/Documents/projects/drone-delivery/src/domain/entity/trip.ts","all":false,"statementMap":{"0":{"start":{"line":1,"column":0},"end":{"line":1,"column":38}},"1":{"start":{"line":2,"column":0},"end":{"line":2,"column":19}},"2":{"start":{"line":3,"column":0},"end":{"line":3,"column":33}},"3":{"start":{"line":4,"column":0},"end":{"line":4,"column":0}},"4":{"start":{"line":5,"column":0},"end":{"line":5,"column":44}},"5":{"start":{"line":6,"column":0},"end":{"line":6,"column":38}},"6":{"start":{"line":7,"column":0},"end":{"line":7,"column":3}},"7":{"start":{"line":8,"column":0},"end":{"line":8,"column":0}},"8":{"start":{"line":9,"column":0},"end":{"line":9,"column":31}},"9":{"start":{"line":10,"column":0},"end":{"line":10,"column":27}},"10":{"start":{"line":11,"column":0},"end":{"line":11,"column":3}},"11":{"start":{"line":12,"column":0},"end":{"line":12,"column":0}},"12":{"start":{"line":13,"column":0},"end":{"line":13,"column":49}},"13":{"start":{"line":14,"column":0},"end":{"line":14,"column":27}},"14":{"start":{"line":15,"column":0},"end":{"line":15,"column":3}},"15":{"start":{"line":16,"column":0},"end":{"line":16,"column":0}},"16":{"start":{"line":17,"column":0},"end":{"line":17,"column":1}},"17":{"start":{"line":18,"column":0},"end":{"line":18,"column":0}},"18":{"start":{"line":19,"column":0},"end":{"line":19,"column":26}},"19":{"start":{"line":20,"column":0},"end":{"line":20,"column":24}},"20":{"start":{"line":21,"column":0},"end":{"line":21,"column":1}},"21":{"start":{"line":22,"column":0},"end":{"line":22,"column":0}},"22":{"start":{"line":23,"column":0},"end":{"line":23,"column":29}},"23":{"start":{"line":24,"column":0},"end":{"line":24,"column":24}},"24":{"start":{"line":25,"column":0},"end":{"line":25,"column":1}}},"s":{"0":1,"1":1,"2":1,"3":1,"4":1,"5":6,"6":6,"7":1,"8":1,"9":12,"10":12,"11":1,"12":1,"13":6,"14":6,"15":1,"16":1,"17":1,"18":1,"19":1,"20":1,"21":1,"22":1,"23":1,"24":1},"branchMap":{"0":{"type":"branch","line":5,"loc":{"start":{"line":5,"column":2},"end":{"line":7,"column":3}},"locations":[{"start":{"line":5,"column":2},"end":{"line":7,"column":3}}]},"1":{"type":"branch","line":9,"loc":{"start":{"line":9,"column":2},"end":{"line":11,"column":3}},"locations":[{"start":{"line":9,"column":2},"end":{"line":11,"column":3}}]},"2":{"type":"branch","line":13,"loc":{"start":{"line":13,"column":9},"end":{"line":15,"column":3}},"locations":[{"start":{"line":13,"column":9},"end":{"line":15,"column":3}}]}},"b":{"0":[6],"1":[12],"2":[6]},"fnMap":{"0":{"name":"Trip","decl":{"start":{"line":5,"column":2},"end":{"line":7,"column":3}},"loc":{"start":{"line":5,"column":2},"end":{"line":7,"column":3}},"line":5},"1":{"name":"get locations","decl":{"start":{"line":9,"column":2},"end":{"line":11,"column":3}},"loc":{"start":{"line":9,"column":2},"end":{"line":11,"column":3}},"line":9},"2":{"name":"create","decl":{"start":{"line":13,"column":9},"end":{"line":15,"column":3}},"loc":{"start":{"line":13,"column":9},"end":{"line":15,"column":3}},"line":13}},"f":{"0":6,"1":12,"2":6}}
,"/Users/danillorios/Documents/projects/drone-delivery/src/domain/service/drone-delivery-service.ts": {"path":"/Users/danillorios/Documents/projects/drone-delivery/src/domain/service/drone-delivery-service.ts","all":false,"statementMap":{"0":{"start":{"line":1,"column":0},"end":{"line":1,"column":40}},"1":{"start":{"line":2,"column":0},"end":{"line":2,"column":46}},"2":{"start":{"line":3,"column":0},"end":{"line":3,"column":0}},"3":{"start":{"line":4,"column":0},"end":{"line":4,"column":35}},"4":{"start":{"line":5,"column":0},"end":{"line":5,"column":76}},"5":{"start":{"line":6,"column":0},"end":{"line":6,"column":62}},"6":{"start":{"line":7,"column":0},"end":{"line":7,"column":90}},"7":{"start":{"line":8,"column":0},"end":{"line":8,"column":86}},"8":{"start":{"line":9,"column":0},"end":{"line":9,"column":51}},"9":{"start":{"line":10,"column":0},"end":{"line":10,"column":75}},"10":{"start":{"line":11,"column":0},"end":{"line":11,"column":110}},"11":{"start":{"line":12,"column":0},"end":{"line":12,"column":55}},"12":{"start":{"line":13,"column":0},"end":{"line":13,"column":14}},"13":{"start":{"line":14,"column":0},"end":{"line":14,"column":7}},"14":{"start":{"line":15,"column":0},"end":{"line":15,"column":93}},"15":{"start":{"line":16,"column":0},"end":{"line":16,"column":121}},"16":{"start":{"line":17,"column":0},"end":{"line":17,"column":77}},"17":{"start":{"line":18,"column":0},"end":{"line":18,"column":5}},"18":{"start":{"line":19,"column":0},"end":{"line":19,"column":0}},"19":{"start":{"line":20,"column":0},"end":{"line":20,"column":32}},"20":{"start":{"line":21,"column":0},"end":{"line":21,"column":34}},"21":{"start":{"line":22,"column":0},"end":{"line":22,"column":39}},"22":{"start":{"line":23,"column":0},"end":{"line":23,"column":14}},"23":{"start":{"line":24,"column":0},"end":{"line":24,"column":29}},"24":{"start":{"line":25,"column":0},"end":{"line":25,"column":30}},"25":{"start":{"line":26,"column":0},"end":{"line":26,"column":8}},"26":{"start":{"line":27,"column":0},"end":{"line":27,"column":7}},"27":{"start":{"line":28,"column":0},"end":{"line":28,"column":3}},"28":{"start":{"line":29,"column":0},"end":{"line":29,"column":0}},"29":{"start":{"line":30,"column":0},"end":{"line":30,"column":0}},"30":{"start":{"line":31,"column":0},"end":{"line":31,"column":162}},"31":{"start":{"line":32,"column":0},"end":{"line":32,"column":43}},"32":{"start":{"line":33,"column":0},"end":{"line":33,"column":52}},"33":{"start":{"line":34,"column":0},"end":{"line":34,"column":81}},"34":{"start":{"line":35,"column":0},"end":{"line":35,"column":80}},"35":{"start":{"line":36,"column":0},"end":{"line":36,"column":59}},"36":{"start":{"line":37,"column":0},"end":{"line":37,"column":62}},"37":{"start":{"line":38,"column":0},"end":{"line":38,"column":89}},"38":{"start":{"line":39,"column":0},"end":{"line":39,"column":14}},"39":{"start":{"line":40,"column":0},"end":{"line":40,"column":7}},"40":{"start":{"line":41,"column":0},"end":{"line":41,"column":5}},"41":{"start":{"line":42,"column":0},"end":{"line":42,"column":3}},"42":{"start":{"line":43,"column":0},"end":{"line":43,"column":0}},"43":{"start":{"line":44,"column":0},"end":{"line":44,"column":100}},"44":{"start":{"line":45,"column":0},"end":{"line":45,"column":44}},"45":{"start":{"line":46,"column":0},"end":{"line":46,"column":3}},"46":{"start":{"line":47,"column":0},"end":{"line":47,"column":0}},"47":{"start":{"line":48,"column":0},"end":{"line":48,"column":88}},"48":{"start":{"line":49,"column":0},"end":{"line":49,"column":40}},"49":{"start":{"line":50,"column":0},"end":{"line":50,"column":3}},"50":{"start":{"line":51,"column":0},"end":{"line":51,"column":0}},"51":{"start":{"line":52,"column":0},"end":{"line":52,"column":133}},"52":{"start":{"line":53,"column":0},"end":{"line":53,"column":87}},"53":{"start":{"line":54,"column":0},"end":{"line":54,"column":51}},"54":{"start":{"line":55,"column":0},"end":{"line":55,"column":3}},"55":{"start":{"line":56,"column":0},"end":{"line":56,"column":0}},"56":{"start":{"line":57,"column":0},"end":{"line":57,"column":0}},"57":{"start":{"line":58,"column":0},"end":{"line":58,"column":0}},"58":{"start":{"line":59,"column":0},"end":{"line":59,"column":54}},"59":{"start":{"line":60,"column":0},"end":{"line":60,"column":26}},"60":{"start":{"line":61,"column":0},"end":{"line":61,"column":3}},"61":{"start":{"line":62,"column":0},"end":{"line":62,"column":0}},"62":{"start":{"line":63,"column":0},"end":{"line":63,"column":99}},"63":{"start":{"line":64,"column":0},"end":{"line":64,"column":86}},"64":{"start":{"line":65,"column":0},"end":{"line":65,"column":3}},"65":{"start":{"line":66,"column":0},"end":{"line":66,"column":0}},"66":{"start":{"line":67,"column":0},"end":{"line":67,"column":65}},"67":{"start":{"line":68,"column":0},"end":{"line":68,"column":32}},"68":{"start":{"line":69,"column":0},"end":{"line":69,"column":3}},"69":{"start":{"line":70,"column":0},"end":{"line":70,"column":0}},"70":{"start":{"line":71,"column":0},"end":{"line":71,"column":66}},"71":{"start":{"line":72,"column":0},"end":{"line":72,"column":51}},"72":{"start":{"line":73,"column":0},"end":{"line":73,"column":33}},"73":{"start":{"line":74,"column":0},"end":{"line":74,"column":40}},"74":{"start":{"line":75,"column":0},"end":{"line":75,"column":42}},"75":{"start":{"line":76,"column":0},"end":{"line":76,"column":51}},"76":{"start":{"line":77,"column":0},"end":{"line":77,"column":14}},"77":{"start":{"line":78,"column":0},"end":{"line":78,"column":59}},"78":{"start":{"line":79,"column":0},"end":{"line":79,"column":28}},"79":{"start":{"line":80,"column":0},"end":{"line":80,"column":39}},"80":{"start":{"line":81,"column":0},"end":{"line":81,"column":9}},"81":{"start":{"line":82,"column":0},"end":{"line":82,"column":7}},"82":{"start":{"line":83,"column":0},"end":{"line":83,"column":5}},"83":{"start":{"line":84,"column":0},"end":{"line":84,"column":25}},"84":{"start":{"line":85,"column":0},"end":{"line":85,"column":3}},"85":{"start":{"line":86,"column":0},"end":{"line":86,"column":0}},"86":{"start":{"line":87,"column":0},"end":{"line":87,"column":0}},"87":{"start":{"line":88,"column":0},"end":{"line":88,"column":86}},"88":{"start":{"line":89,"column":0},"end":{"line":89,"column":51}},"89":{"start":{"line":90,"column":0},"end":{"line":90,"column":45}},"90":{"start":{"line":91,"column":0},"end":{"line":91,"column":50}},"91":{"start":{"line":92,"column":0},"end":{"line":92,"column":5}},"92":{"start":{"line":93,"column":0},"end":{"line":93,"column":52}},"93":{"start":{"line":94,"column":0},"end":{"line":94,"column":58}},"94":{"start":{"line":95,"column":0},"end":{"line":95,"column":59}},"95":{"start":{"line":96,"column":0},"end":{"line":96,"column":46}},"96":{"start":{"line":97,"column":0},"end":{"line":97,"column":32}},"97":{"start":{"line":98,"column":0},"end":{"line":98,"column":42}},"98":{"start":{"line":99,"column":0},"end":{"line":99,"column":16}},"99":{"start":{"line":100,"column":0},"end":{"line":100,"column":101}},"100":{"start":{"line":101,"column":0},"end":{"line":101,"column":9}},"101":{"start":{"line":102,"column":0},"end":{"line":102,"column":7}},"102":{"start":{"line":103,"column":0},"end":{"line":103,"column":5}},"103":{"start":{"line":104,"column":0},"end":{"line":104,"column":18}},"104":{"start":{"line":105,"column":0},"end":{"line":105,"column":3}},"105":{"start":{"line":106,"column":0},"end":{"line":106,"column":0}},"106":{"start":{"line":107,"column":0},"end":{"line":107,"column":95}},"107":{"start":{"line":108,"column":0},"end":{"line":108,"column":31}},"108":{"start":{"line":109,"column":0},"end":{"line":109,"column":29}},"109":{"start":{"line":110,"column":0},"end":{"line":110,"column":32}},"110":{"start":{"line":111,"column":0},"end":{"line":111,"column":24}},"111":{"start":{"line":112,"column":0},"end":{"line":112,"column":19}},"112":{"start":{"line":113,"column":0},"end":{"line":113,"column":94}},"113":{"start":{"line":114,"column":0},"end":{"line":114,"column":36}},"114":{"start":{"line":115,"column":0},"end":{"line":115,"column":44}},"115":{"start":{"line":116,"column":0},"end":{"line":116,"column":54}},"116":{"start":{"line":117,"column":0},"end":{"line":117,"column":7}},"117":{"start":{"line":118,"column":0},"end":{"line":118,"column":13}},"118":{"start":{"line":119,"column":0},"end":{"line":119,"column":20}},"119":{"start":{"line":120,"column":0},"end":{"line":120,"column":14}},"120":{"start":{"line":121,"column":0},"end":{"line":121,"column":7}},"121":{"start":{"line":122,"column":0},"end":{"line":122,"column":5}},"122":{"start":{"line":123,"column":0},"end":{"line":123,"column":42}},"123":{"start":{"line":124,"column":0},"end":{"line":124,"column":3}},"124":{"start":{"line":125,"column":0},"end":{"line":125,"column":1}},"125":{"start":{"line":126,"column":0},"end":{"line":126,"column":0}},"126":{"start":{"line":127,"column":0},"end":{"line":127,"column":26}},"127":{"start":{"line":128,"column":0},"end":{"line":128,"column":27}},"128":{"start":{"line":129,"column":0},"end":{"line":129,"column":42}},"129":{"start":{"line":130,"column":0},"end":{"line":130,"column":50}},"130":{"start":{"line":131,"column":0},"end":{"line":131,"column":49}},"131":{"start":{"line":132,"column":0},"end":{"line":132,"column":0}},"132":{"start":{"line":133,"column":0},"end":{"line":133,"column":29}},"133":{"start":{"line":134,"column":0},"end":{"line":134,"column":15}},"134":{"start":{"line":135,"column":0},"end":{"line":135,"column":19}},"135":{"start":{"line":136,"column":0},"end":{"line":136,"column":1}},"136":{"start":{"line":137,"column":0},"end":{"line":137,"column":45}}},"s":{"0":1,"1":1,"2":1,"3":1,"4":1,"5":1,"6":1,"7":1,"8":1,"9":6,"10":6,"11":6,"12":0,"13":0,"14":6,"15":6,"16":6,"17":6,"18":1,"19":1,"20":3,"21":3,"22":3,"23":3,"24":3,"25":3,"26":1,"27":1,"28":1,"29":1,"30":1,"31":6,"32":6,"33":16,"34":6,"35":6,"36":6,"37":6,"38":6,"39":6,"40":16,"41":6,"42":1,"43":1,"44":16,"45":16,"46":1,"47":1,"48":6,"49":6,"50":1,"51":1,"52":6,"53":6,"54":6,"55":1,"56":1,"57":1,"58":1,"59":6,"60":6,"61":1,"62":1,"63":6,"64":6,"65":1,"66":1,"67":7,"68":7,"69":1,"70":1,"71":1,"72":1,"73":3,"74":3,"75":3,"76":3,"77":0,"78":0,"79":0,"80":0,"81":0,"82":3,"83":1,"84":1,"85":1,"86":1,"87":1,"88":6,"89":6,"90":66,"91":66,"92":6,"93":60,"94":60,"95":60,"96":15060,"97":4290,"98":15060,"99":10770,"100":10770,"101":15060,"102":60,"103":6,"104":6,"105":1,"106":1,"107":6,"108":6,"109":6,"110":6,"111":6,"112":58,"113":16,"114":16,"115":16,"116":16,"117":58,"118":58,"119":5,"120":5,"121":58,"122":6,"123":6,"124":1,"125":1,"126":1,"127":1,"128":1,"129":1,"130":1,"131":1,"132":1,"133":1,"134":1,"135":1,"136":1},"branchMap":{"0":{"type":"branch","line":5,"loc":{"start":{"line":5,"column":9},"end":{"line":28,"column":3}},"locations":[{"start":{"line":5,"column":9},"end":{"line":28,"column":3}}]},"1":{"type":"branch","line":9,"loc":{"start":{"line":9,"column":50},"end":{"line":18,"column":5}},"locations":[{"start":{"line":9,"column":50},"end":{"line":18,"column":5}}]},"2":{"type":"branch","line":12,"loc":{"start":{"line":12,"column":54},"end":{"line":14,"column":7}},"locations":[{"start":{"line":12,"column":54},"end":{"line":14,"column":7}}]},"3":{"type":"branch","line":7,"loc":{"start":{"line":7,"column":73},"end":{"line":7,"column":88}},"locations":[{"start":{"line":7,"column":73},"end":{"line":7,"column":88}}]},"4":{"type":"branch","line":15,"loc":{"start":{"line":15,"column":64},"end":{"line":15,"column":91}},"locations":[{"start":{"line":15,"column":64},"end":{"line":15,"column":91}}]},"5":{"type":"branch","line":20,"loc":{"start":{"line":20,"column":22},"end":{"line":27,"column":5}},"locations":[{"start":{"line":20,"column":22},"end":{"line":27,"column":5}}]},"6":{"type":"branch","line":31,"loc":{"start":{"line":31,"column":10},"end":{"line":42,"column":3}},"locations":[{"start":{"line":31,"column":10},"end":{"line":42,"column":3}}]},"7":{"type":"branch","line":33,"loc":{"start":{"line":33,"column":51},"end":{"line":41,"column":5}},"locations":[{"start":{"line":33,"column":51},"end":{"line":41,"column":5}}]},"8":{"type":"branch","line":34,"loc":{"start":{"line":34,"column":80},"end":{"line":40,"column":7}},"locations":[{"start":{"line":34,"column":80},"end":{"line":40,"column":7}}]},"9":{"type":"branch","line":44,"loc":{"start":{"line":44,"column":10},"end":{"line":46,"column":3}},"locations":[{"start":{"line":44,"column":10},"end":{"line":46,"column":3}}]},"10":{"type":"branch","line":48,"loc":{"start":{"line":48,"column":10},"end":{"line":50,"column":3}},"locations":[{"start":{"line":48,"column":10},"end":{"line":50,"column":3}}]},"11":{"type":"branch","line":52,"loc":{"start":{"line":52,"column":10},"end":{"line":55,"column":3}},"locations":[{"start":{"line":52,"column":10},"end":{"line":55,"column":3}}]},"12":{"type":"branch","line":53,"loc":{"start":{"line":53,"column":64},"end":{"line":53,"column":82}},"locations":[{"start":{"line":53,"column":64},"end":{"line":53,"column":82}}]},"13":{"type":"branch","line":59,"loc":{"start":{"line":59,"column":10},"end":{"line":61,"column":3}},"locations":[{"start":{"line":59,"column":10},"end":{"line":61,"column":3}}]},"14":{"type":"branch","line":63,"loc":{"start":{"line":63,"column":10},"end":{"line":65,"column":3}},"locations":[{"start":{"line":63,"column":10},"end":{"line":65,"column":3}}]},"15":{"type":"branch","line":64,"loc":{"start":{"line":64,"column":28},"end":{"line":64,"column":84}},"locations":[{"start":{"line":64,"column":28},"end":{"line":64,"column":84}}]},"16":{"type":"branch","line":67,"loc":{"start":{"line":67,"column":10},"end":{"line":69,"column":3}},"locations":[{"start":{"line":67,"column":10},"end":{"line":69,"column":3}}]},"17":{"type":"branch","line":71,"loc":{"start":{"line":71,"column":10},"end":{"line":85,"column":3}},"locations":[{"start":{"line":71,"column":10},"end":{"line":85,"column":3}}]},"18":{"type":"branch","line":73,"loc":{"start":{"line":73,"column":32},"end":{"line":83,"column":5}},"locations":[{"start":{"line":73,"column":32},"end":{"line":83,"column":5}}]},"19":{"type":"branch","line":77,"loc":{"start":{"line":77,"column":7},"end":{"line":82,"column":7}},"locations":[{"start":{"line":77,"column":7},"end":{"line":82,"column":7}}]},"20":{"type":"branch","line":88,"loc":{"start":{"line":88,"column":10},"end":{"line":105,"column":3}},"locations":[{"start":{"line":88,"column":10},"end":{"line":105,"column":3}}]},"21":{"type":"branch","line":90,"loc":{"start":{"line":90,"column":44},"end":{"line":92,"column":5}},"locations":[{"start":{"line":90,"column":44},"end":{"line":92,"column":5}}]},"22":{"type":"branch","line":93,"loc":{"start":{"line":93,"column":51},"end":{"line":103,"column":5}},"locations":[{"start":{"line":93,"column":51},"end":{"line":103,"column":5}}]},"23":{"type":"branch","line":96,"loc":{"start":{"line":96,"column":45},"end":{"line":102,"column":7}},"locations":[{"start":{"line":96,"column":45},"end":{"line":102,"column":7}}]},"24":{"type":"branch","line":97,"loc":{"start":{"line":97,"column":31},"end":{"line":99,"column":9}},"locations":[{"start":{"line":97,"column":31},"end":{"line":99,"column":9}}]},"25":{"type":"branch","line":99,"loc":{"start":{"line":99,"column":9},"end":{"line":101,"column":9}},"locations":[{"start":{"line":99,"column":9},"end":{"line":101,"column":9}}]},"26":{"type":"branch","line":107,"loc":{"start":{"line":107,"column":10},"end":{"line":124,"column":3}},"locations":[{"start":{"line":107,"column":10},"end":{"line":124,"column":3}}]},"27":{"type":"branch","line":112,"loc":{"start":{"line":112,"column":18},"end":{"line":122,"column":5}},"locations":[{"start":{"line":112,"column":18},"end":{"line":122,"column":5}}]},"28":{"type":"branch","line":113,"loc":{"start":{"line":113,"column":41},"end":{"line":113,"column":91}},"locations":[{"start":{"line":113,"column":41},"end":{"line":113,"column":91}}]},"29":{"type":"branch","line":113,"loc":{"start":{"line":113,"column":93},"end":{"line":117,"column":7}},"locations":[{"start":{"line":113,"column":93},"end":{"line":117,"column":7}}]},"30":{"type":"branch","line":119,"loc":{"start":{"line":119,"column":19},"end":{"line":121,"column":7}},"locations":[{"start":{"line":119,"column":19},"end":{"line":121,"column":7}}]}},"b":{"0":[1],"1":[6],"2":[0],"3":[4],"4":[16],"5":[3],"6":[6],"7":[16],"8":[6],"9":[16],"10":[6],"11":[6],"12":[0],"13":[6],"14":[6],"15":[60],"16":[7],"17":[1],"18":[3],"19":[0],"20":[6],"21":[66],"22":[60],"23":[15060],"24":[4290],"25":[10770],"26":[6],"27":[58],"28":[43],"29":[16],"30":[5]},"fnMap":{"0":{"name":"delivery","decl":{"start":{"line":5,"column":9},"end":{"line":28,"column":3}},"loc":{"start":{"line":5,"column":9},"end":{"line":28,"column":3}},"line":5},"1":{"name":"deliverLocationsAmongDrones","decl":{"start":{"line":31,"column":10},"end":{"line":42,"column":3}},"loc":{"start":{"line":31,"column":10},"end":{"line":42,"column":3}},"line":31},"2":{"name":"isCapacitySufficientForDelivery","decl":{"start":{"line":44,"column":10},"end":{"line":46,"column":3}},"loc":{"start":{"line":44,"column":10},"end":{"line":46,"column":3}},"line":44},"3":{"name":"deliverLocationsToDrone","decl":{"start":{"line":48,"column":10},"end":{"line":50,"column":3}},"loc":{"start":{"line":48,"column":10},"end":{"line":50,"column":3}},"line":48},"4":{"name":"updateDroneIndex","decl":{"start":{"line":52,"column":10},"end":{"line":55,"column":3}},"loc":{"start":{"line":52,"column":10},"end":{"line":55,"column":3}},"line":52},"5":{"name":"capacityIsEmpty","decl":{"start":{"line":59,"column":10},"end":{"line":61,"column":3}},"loc":{"start":{"line":59,"column":10},"end":{"line":61,"column":3}},"line":59},"6":{"name":"removeLocations","decl":{"start":{"line":63,"column":10},"end":{"line":65,"column":3}},"loc":{"start":{"line":63,"column":10},"end":{"line":65,"column":3}},"line":63},"7":{"name":"hasLocationToDelivery","decl":{"start":{"line":67,"column":10},"end":{"line":69,"column":3}},"loc":{"start":{"line":67,"column":10},"end":{"line":69,"column":3}},"line":67},"8":{"name":"groupDronesByMaxWeight","decl":{"start":{"line":71,"column":10},"end":{"line":85,"column":3}},"loc":{"start":{"line":71,"column":10},"end":{"line":85,"column":3}},"line":71},"9":{"name":"generateKnapsackTable","decl":{"start":{"line":88,"column":10},"end":{"line":105,"column":3}},"loc":{"start":{"line":88,"column":10},"end":{"line":105,"column":3}},"line":88},"10":{"name":"getLocationsToDelivery","decl":{"start":{"line":107,"column":10},"end":{"line":124,"column":3}},"loc":{"start":{"line":107,"column":10},"end":{"line":124,"column":3}},"line":107}},"f":{"0":1,"1":6,"2":16,"3":6,"4":6,"5":6,"6":6,"7":7,"8":1,"9":6,"10":6}}
}
