TN:
SF:src/domain/entity/drone.ts
FN:9,Drone
FN:15,get name
FN:19,get maxWeight
FN:23,get trips
FN:27,toJSON
FN:35,delivery
FN:44,addTrip
FN:48,create
FN:54,validate
FNF:9
FNH:9
FNDA:3,Drone
FNDA:9,get name
FNDA:12,get maxWeight
FNDA:6,get trips
FNDA:6,toJSON
FNDA:6,delivery
FNDA:6,addTrip
FNDA:3,create
FNDA:3,validate
DA:1,1
DA:2,1
DA:3,1
DA:4,1
DA:5,1
DA:6,1
DA:7,1
DA:8,1
DA:9,1
DA:10,3
DA:11,3
DA:12,3
DA:13,3
DA:14,1
DA:15,1
DA:16,9
DA:17,9
DA:18,1
DA:19,1
DA:20,12
DA:21,12
DA:22,1
DA:23,1
DA:24,6
DA:25,6
DA:26,1
DA:27,1
DA:28,6
DA:29,6
DA:30,6
DA:31,6
DA:32,6
DA:33,6
DA:34,1
DA:35,1
DA:36,6
DA:37,6
DA:38,0
DA:39,0
DA:40,6
DA:41,6
DA:42,6
DA:43,1
DA:44,1
DA:45,6
DA:46,6
DA:47,1
DA:48,1
DA:49,3
DA:50,3
DA:51,3
DA:52,3
DA:53,1
DA:54,1
DA:55,3
DA:56,0
DA:57,0
DA:58,3
DA:59,0
DA:60,0
DA:61,3
DA:62,1
DA:63,1
DA:64,1
DA:65,1
DA:66,1
DA:67,1
DA:68,1
DA:69,1
DA:70,1
DA:71,1
DA:72,1
LF:72
LH:66
BRDA:9,0,0,3
BRDA:15,1,0,9
BRDA:19,2,0,12
BRDA:23,3,0,6
BRDA:27,4,0,6
BRDA:30,5,0,12
BRDA:30,6,0,32
BRDA:35,7,0,6
BRDA:37,8,0,0
BRDA:36,9,0,16
BRDA:44,10,0,6
BRDA:48,11,0,3
BRDA:54,12,0,3
BRDA:55,13,0,0
BRDA:58,14,0,0
BRF:15
BRH:12
end_of_record
TN:
SF:src/domain/entity/location.ts
FN:5,Location
FN:10,get name
FN:14,get packageWeigth
FN:18,create
FN:24,validate
FNF:5
FNH:5
FNDA:16,Location
FNDA:48,get name
FNDA:227,get packageWeigth
FNDA:16,create
FNDA:16,validate
DA:1,1
DA:2,1
DA:3,1
DA:4,1
DA:5,1
DA:6,16
DA:7,16
DA:8,16
DA:9,1
DA:10,1
DA:11,48
DA:12,48
DA:13,1
DA:14,1
DA:15,227
DA:16,227
DA:17,1
DA:18,1
DA:19,16
DA:20,16
DA:21,16
DA:22,16
DA:23,1
DA:24,1
DA:25,16
DA:26,0
DA:27,0
DA:28,16
DA:29,0
DA:30,0
DA:31,16
DA:32,1
DA:33,1
DA:34,1
DA:35,1
DA:36,1
DA:37,1
DA:38,1
DA:39,1
DA:40,1
DA:41,1
DA:42,1
DA:43,1
LF:43
LH:39
BRDA:5,0,0,16
BRDA:10,1,0,48
BRDA:14,2,0,227
BRDA:18,3,0,16
BRDA:24,4,0,16
BRDA:25,5,0,0
BRDA:28,6,0,0
BRF:7
BRH:5
end_of_record
TN:
SF:src/domain/entity/trip.ts
FN:5,Trip
FN:9,get locations
FN:13,create
FNF:3
FNH:3
FNDA:6,Trip
FNDA:12,get locations
FNDA:6,create
DA:1,1
DA:2,1
DA:3,1
DA:4,1
DA:5,1
DA:6,6
DA:7,6
DA:8,1
DA:9,1
DA:10,12
DA:11,12
DA:12,1
DA:13,1
DA:14,6
DA:15,6
DA:16,1
DA:17,1
DA:18,1
DA:19,1
DA:20,1
DA:21,1
DA:22,1
DA:23,1
DA:24,1
DA:25,1
LF:25
LH:25
BRDA:5,0,0,6
BRDA:9,1,0,12
BRDA:13,2,0,6
BRF:3
BRH:3
end_of_record
TN:
SF:src/domain/service/drone-delivery-service.ts
FN:5,delivery
FN:31,deliverLocationsAmongDrones
FN:44,isCapacitySufficientForDelivery
FN:48,deliverLocationsToDrone
FN:52,updateDroneIndex
FN:59,capacityIsEmpty
FN:63,removeLocations
FN:67,hasLocationToDelivery
FN:71,groupDronesByMaxWeight
FN:88,generateKnapsackTable
FN:107,getLocationsToDelivery
FNF:11
FNH:11
FNDA:1,delivery
FNDA:6,deliverLocationsAmongDrones
FNDA:16,isCapacitySufficientForDelivery
FNDA:6,deliverLocationsToDrone
FNDA:6,updateDroneIndex
FNDA:6,capacityIsEmpty
FNDA:6,removeLocations
FNDA:7,hasLocationToDelivery
FNDA:1,groupDronesByMaxWeight
FNDA:6,generateKnapsackTable
FNDA:6,getLocationsToDelivery
DA:1,1
DA:2,1
DA:3,1
DA:4,1
DA:5,1
DA:6,1
DA:7,1
DA:8,1
DA:9,1
DA:10,6
DA:11,6
DA:12,6
DA:13,0
DA:14,0
DA:15,6
DA:16,6
DA:17,6
DA:18,6
DA:19,1
DA:20,1
DA:21,3
DA:22,3
DA:23,3
DA:24,3
DA:25,3
DA:26,3
DA:27,1
DA:28,1
DA:29,1
DA:30,1
DA:31,1
DA:32,6
DA:33,6
DA:34,16
DA:35,6
DA:36,6
DA:37,6
DA:38,6
DA:39,6
DA:40,6
DA:41,16
DA:42,6
DA:43,1
DA:44,1
DA:45,16
DA:46,16
DA:47,1
DA:48,1
DA:49,6
DA:50,6
DA:51,1
DA:52,1
DA:53,6
DA:54,6
DA:55,6
DA:56,1
DA:57,1
DA:58,1
DA:59,1
DA:60,6
DA:61,6
DA:62,1
DA:63,1
DA:64,6
DA:65,6
DA:66,1
DA:67,1
DA:68,7
DA:69,7
DA:70,1
DA:71,1
DA:72,1
DA:73,1
DA:74,3
DA:75,3
DA:76,3
DA:77,3
DA:78,0
DA:79,0
DA:80,0
DA:81,0
DA:82,0
DA:83,3
DA:84,1
DA:85,1
DA:86,1
DA:87,1
DA:88,1
DA:89,6
DA:90,6
DA:91,66
DA:92,66
DA:93,6
DA:94,60
DA:95,60
DA:96,60
DA:97,15060
DA:98,4290
DA:99,15060
DA:100,10770
DA:101,10770
DA:102,15060
DA:103,60
DA:104,6
DA:105,6
DA:106,1
DA:107,1
DA:108,6
DA:109,6
DA:110,6
DA:111,6
DA:112,6
DA:113,58
DA:114,16
DA:115,16
DA:116,16
DA:117,16
DA:118,58
DA:119,58
DA:120,5
DA:121,5
DA:122,58
DA:123,6
DA:124,6
DA:125,1
DA:126,1
DA:127,1
DA:128,1
DA:129,1
DA:130,1
DA:131,1
DA:132,1
DA:133,1
DA:134,1
DA:135,1
DA:136,1
DA:137,1
LF:137
LH:130
BRDA:5,0,0,1
BRDA:9,1,0,6
BRDA:12,2,0,0
BRDA:7,3,0,4
BRDA:15,4,0,16
BRDA:20,5,0,3
BRDA:31,6,0,6
BRDA:33,7,0,16
BRDA:34,8,0,6
BRDA:44,9,0,16
BRDA:48,10,0,6
BRDA:52,11,0,6
BRDA:53,12,0,0
BRDA:59,13,0,6
BRDA:63,14,0,6
BRDA:64,15,0,60
BRDA:67,16,0,7
BRDA:71,17,0,1
BRDA:73,18,0,3
BRDA:77,19,0,0
BRDA:88,20,0,6
BRDA:90,21,0,66
BRDA:93,22,0,60
BRDA:96,23,0,15060
BRDA:97,24,0,4290
BRDA:99,25,0,10770
BRDA:107,26,0,6
BRDA:112,27,0,58
BRDA:113,28,0,43
BRDA:113,29,0,16
BRDA:119,30,0,5
BRF:31
BRH:28
end_of_record
